Build log created at 2020-08-01T20:38:02.913308Z
Build started at 2020-08-01T20:38:05.281243Z
Gradle 6.5.1
Build finished at 2020-08-01T20:38:09.190394Z
build action: Build
build result SUCCESS
build tasks:
* :api:preBuild state: SKIPPED
* :api:preDebugBuild state: SKIPPED
* :api:compileDebugAidl state: SKIPPED
* :api:compileDebugRenderscript state: SKIPPED
* :api:checkDebugManifest state: SKIPPED
* :api:generateDebugBuildConfig state: SKIPPED
* :api:generateDebugResValues state: SKIPPED
* :api:generateDebugResources state: SKIPPED
* :api:packageDebugResources state: SKIPPED
* :api:parseDebugLibraryResources state: SKIPPED
* :api:processDebugManifest state: SKIPPED
* :api:generateDebugRFile state: SKIPPED
* :api:javaPreCompileDebug state: SKIPPED
* :api:compileDebugJavaWithJavac state: SKIPPED
* :api:bundleLibCompileDebug state: SKIPPED
* :addons:base:preBuild state: SKIPPED
* :addons:base:preDebugBuild state: SKIPPED
* :addons:base:compileDebugAidl state: SKIPPED
* :api:packageDebugRenderscript state: SKIPPED
* :addons:base:compileDebugRenderscript state: SKIPPED
* :addons:base:checkDebugManifest state: SKIPPED
* :addons:base:generateDebugBuildConfig state: SKIPPED
* :addons:base:generateDebugResValues state: SKIPPED
* :addons:base:generateDebugResources state: SKIPPED
* :addons:base:packageDebugResources state: SKIPPED
* :addons:base:parseDebugLibraryResources state: SKIPPED
* :addons:base:processDebugManifest state: SKIPPED
* :addons:base:generateDebugRFile state: SKIPPED
* :addons:base:javaPreCompileDebug state: SKIPPED
* :addons:base:compileDebugJavaWithJavac state: SKIPPED
* :addons:base:bundleLibCompileDebug state: SKIPPED
* :ime:addons:preBuild state: SKIPPED
* :ime:addons:preDebugBuild state: SKIPPED
* :ime:base:preBuild state: SKIPPED
* :ime:base:preDebugBuild state: SKIPPED
* :ime:base:compileDebugAidl state: SKIPPED
* :ime:addons:compileDebugAidl state: SKIPPED
* :ime:base:packageDebugRenderscript state: SKIPPED
* :ime:addons:compileDebugRenderscript state: SKIPPED
* :ime:addons:checkDebugManifest state: SKIPPED
* :ime:addons:generateDebugBuildConfig state: SKIPPED
* :ime:addons:generateDebugResValues state: SKIPPED
* :ime:addons:generateDebugResources state: SKIPPED
* :ime:addons:packageDebugResources state: SKIPPED
* :ime:addons:parseDebugLibraryResources state: SKIPPED
* :ime:addons:processDebugManifest state: SKIPPED
* :ime:base:compileDebugRenderscript state: SKIPPED
* :ime:base:generateDebugResValues state: SKIPPED
* :ime:base:generateDebugResources state: SKIPPED
* :ime:base:packageDebugResources state: SKIPPED
* :ime:base:parseDebugLibraryResources state: SKIPPED
* :ime:base:checkDebugManifest state: SKIPPED
* :ime:base:processDebugManifest state: SKIPPED
* :ime:base:generateDebugRFile state: SKIPPED
* :ime:addons:generateDebugRFile state: SKIPPED
* :ime:base:generateDebugBuildConfig state: SKIPPED
* :ime:base:javaPreCompileDebug state: SKIPPED
* :ime:base:compileDebugJavaWithJavac state: SKIPPED
* :ime:base:bundleLibCompileDebug state: SKIPPED
* :ime:addons:javaPreCompileDebug state: SKIPPED
* :ime:addons:compileDebugJavaWithJavac state: SKIPPED
* :ime:addons:bundleLibCompileDebug state: SKIPPED
* :ime:app:preBuild state: SKIPPED
* :ime:app:preDebugBuild state: SKIPPED
* :ime:base-rx:preBuild state: SKIPPED
* :ime:base-rx:preDebugBuild state: SKIPPED
* :ime:base-rx:compileDebugAidl state: SKIPPED
* :ime:dictionaries:preBuild state: SKIPPED
* :ime:dictionaries:preDebugBuild state: SKIPPED
* :ime:dictionaries:compileDebugAidl state: SKIPPED
* :ime:nextword:preBuild state: SKIPPED
* :ime:nextword:preDebugBuild state: SKIPPED
* :ime:prefs:preBuild state: SKIPPED
* :ime:prefs:preDebugBuild state: SKIPPED
* :ime:prefs:compileDebugAidl state: SKIPPED
* :ime:nextword:compileDebugAidl state: SKIPPED
* :ime:overlay:preBuild state: SKIPPED
* :ime:overlay:preDebugBuild state: SKIPPED
* :ime:overlay:compileDebugAidl state: SKIPPED
* :ime:pixel:preBuild state: SKIPPED
* :ime:pixel:preDebugBuild state: SKIPPED
* :ime:pixel:compileDebugAidl state: SKIPPED
* :ime:fileprovider:preBuild state: SKIPPED
* :ime:fileprovider:preDebugBuild state: SKIPPED
* :ime:fileprovider:compileDebugAidl state: SKIPPED
* :ime:remote:preBuild state: SKIPPED
* :ime:remote:preDebugBuild state: SKIPPED
* :ime:remote:compileDebugAidl state: SKIPPED
* :ime:voiceime:preBuild state: SKIPPED
* :ime:voiceime:preDebugBuild state: SKIPPED
* :ime:voiceime:compileDebugAidl state: SKIPPED
* :ime:dictionaries:jnidictionaryv1:preBuild state: SKIPPED
* :ime:dictionaries:jnidictionaryv1:preDebugBuild state: SKIPPED
* :ime:dictionaries:jnidictionaryv1:compileDebugAidl state: SKIPPED
* :ime:dictionaries:jnidictionaryv2:preBuild state: SKIPPED
* :ime:dictionaries:jnidictionaryv2:preDebugBuild state: SKIPPED
* :ime:dictionaries:jnidictionaryv2:compileDebugAidl state: SKIPPED
* :addons:languages:english:pack:parseAospDictionary_aosp_combined_gz state: SKIPPED
* :addons:languages:english:pack:parseTextInputFiles state: SKIPPED
* :addons:languages:english:pack:mergeAllWordLists state: SKIPPED
* :addons:languages:english:pack:makeDictionary state: SKIPPED
* :addons:languages:english:pack:preBuild state: SKIPPED
* :addons:languages:english:pack:preDebugBuild state: SKIPPED
* :addons:languages:english:pack:compileDebugAidl state: SKIPPED
* :ime:app:compileDebugAidl state: SKIPPED
* :addons:base:packageDebugRenderscript state: SKIPPED
* :ime:addons:packageDebugRenderscript state: SKIPPED
* :ime:base-rx:packageDebugRenderscript state: SKIPPED
* :ime:dictionaries:packageDebugRenderscript state: SKIPPED
* :ime:nextword:packageDebugRenderscript state: SKIPPED
* :ime:overlay:packageDebugRenderscript state: SKIPPED
* :ime:pixel:packageDebugRenderscript state: SKIPPED
* :ime:prefs:packageDebugRenderscript state: SKIPPED
* :ime:remote:packageDebugRenderscript state: SKIPPED
* :ime:voiceime:packageDebugRenderscript state: SKIPPED
* :ime:dictionaries:jnidictionaryv1:packageDebugRenderscript state: SKIPPED
* :ime:dictionaries:jnidictionaryv2:packageDebugRenderscript state: SKIPPED
* :addons:languages:english:pack:packageDebugRenderscript state: SKIPPED
* :ime:app:compileDebugRenderscript state: SKIPPED
* :ime:app:checkDebugManifest state: SKIPPED
* :ime:app:generateDebugBuildConfig state: SKIPPED
* :ime:base-rx:compileDebugRenderscript state: SKIPPED
* :ime:base-rx:checkDebugManifest state: SKIPPED
* :ime:base-rx:generateDebugBuildConfig state: SKIPPED
* :ime:base-rx:generateDebugResValues state: SKIPPED
* :ime:base-rx:generateDebugResources state: SKIPPED
* :ime:base-rx:packageDebugResources state: SKIPPED
* :ime:base-rx:parseDebugLibraryResources state: SKIPPED
* :ime:base-rx:processDebugManifest state: SKIPPED
* :ime:base-rx:generateDebugRFile state: SKIPPED
* :ime:base-rx:javaPreCompileDebug state: SKIPPED
* :ime:base-rx:compileDebugJavaWithJavac state: SKIPPED
* :ime:base-rx:bundleLibCompileDebug state: SKIPPED
* :ime:dictionaries:compileDebugRenderscript state: SKIPPED
* :ime:dictionaries:checkDebugManifest state: SKIPPED
* :ime:dictionaries:generateDebugBuildConfig state: SKIPPED
* :ime:dictionaries:generateDebugResValues state: SKIPPED
* :ime:dictionaries:generateDebugResources state: SKIPPED
* :ime:dictionaries:packageDebugResources state: SKIPPED
* :ime:dictionaries:parseDebugLibraryResources state: SKIPPED
* :ime:dictionaries:processDebugManifest state: SKIPPED
* :ime:dictionaries:generateDebugRFile state: SKIPPED
* :ime:dictionaries:javaPreCompileDebug state: SKIPPED
* :ime:dictionaries:compileDebugJavaWithJavac state: SKIPPED
* :ime:dictionaries:bundleLibCompileDebug state: SKIPPED
* :ime:nextword:compileDebugRenderscript state: SKIPPED
* :ime:nextword:checkDebugManifest state: SKIPPED
* :ime:nextword:generateDebugBuildConfig state: SKIPPED
* :ime:nextword:generateDebugResValues state: SKIPPED
* :ime:nextword:generateDebugResources state: SKIPPED
* :ime:nextword:packageDebugResources state: SKIPPED
* :ime:nextword:parseDebugLibraryResources state: SKIPPED
* :ime:nextword:processDebugManifest state: SKIPPED
* :ime:prefs:compileDebugRenderscript state: SKIPPED
* :ime:prefs:generateDebugResValues state: SKIPPED
* :ime:prefs:generateDebugResources state: SKIPPED
* :ime:prefs:packageDebugResources state: SKIPPED
* :ime:prefs:parseDebugLibraryResources state: SKIPPED
* :ime:prefs:checkDebugManifest state: SKIPPED
* :ime:prefs:processDebugManifest state: SKIPPED
* :ime:prefs:generateDebugRFile state: SKIPPED
* :ime:nextword:generateDebugRFile state: SKIPPED
* :ime:prefs:generateDebugBuildConfig state: SKIPPED
* :ime:prefs:javaPreCompileDebug state: SKIPPED
* :ime:prefs:compileDebugJavaWithJavac state: SKIPPED
* :ime:prefs:bundleLibCompileDebug state: SKIPPED
* :ime:nextword:javaPreCompileDebug state: SKIPPED
* :ime:nextword:compileDebugJavaWithJavac state: SKIPPED
* :ime:nextword:bundleLibCompileDebug state: SKIPPED
* :ime:overlay:compileDebugRenderscript state: SKIPPED
* :ime:overlay:checkDebugManifest state: SKIPPED
* :ime:overlay:generateDebugBuildConfig state: SKIPPED
* :ime:overlay:generateDebugResValues state: SKIPPED
* :ime:overlay:generateDebugResources state: SKIPPED
* :ime:overlay:packageDebugResources state: SKIPPED
* :ime:overlay:parseDebugLibraryResources state: SKIPPED
* :ime:overlay:processDebugManifest state: SKIPPED
* :ime:overlay:generateDebugRFile state: SKIPPED
* :ime:overlay:javaPreCompileDebug state: SKIPPED
* :ime:overlay:compileDebugJavaWithJavac state: SKIPPED
* :ime:overlay:bundleLibCompileDebug state: SKIPPED
* :ime:pixel:compileDebugRenderscript state: SKIPPED
* :ime:pixel:checkDebugManifest state: SKIPPED
* :ime:pixel:generateDebugBuildConfig state: SKIPPED
* :ime:pixel:generateDebugResValues state: SKIPPED
* :ime:pixel:generateDebugResources state: SKIPPED
* :ime:pixel:packageDebugResources state: SKIPPED
* :ime:pixel:parseDebugLibraryResources state: SKIPPED
* :ime:pixel:processDebugManifest state: SKIPPED
* :ime:pixel:generateDebugRFile state: SKIPPED
* :ime:pixel:javaPreCompileDebug state: SKIPPED
* :ime:pixel:compileDebugJavaWithJavac state: SKIPPED
* :ime:pixel:bundleLibCompileDebug state: SKIPPED
* :ime:fileprovider:compileDebugRenderscript state: SKIPPED
* :ime:fileprovider:checkDebugManifest state: SKIPPED
* :ime:fileprovider:generateDebugBuildConfig state: SKIPPED
* :ime:fileprovider:generateDebugResValues state: SKIPPED
* :ime:fileprovider:generateDebugResources state: SKIPPED
* :ime:fileprovider:packageDebugResources state: SKIPPED
* :ime:fileprovider:parseDebugLibraryResources state: SKIPPED
* :ime:fileprovider:processDebugManifest state: SKIPPED
* :ime:fileprovider:generateDebugRFile state: SKIPPED
* :ime:fileprovider:javaPreCompileDebug state: SKIPPED
* :ime:fileprovider:compileDebugJavaWithJavac state: SKIPPED
* :ime:fileprovider:bundleLibCompileDebug state: SKIPPED
* :ime:fileprovider:packageDebugRenderscript state: SKIPPED
* :ime:remote:compileDebugRenderscript state: SKIPPED
* :ime:remote:checkDebugManifest state: SKIPPED
* :ime:remote:generateDebugBuildConfig state: SKIPPED
* :ime:remote:generateDebugResValues state: SKIPPED
* :ime:remote:generateDebugResources state: SKIPPED
* :ime:remote:packageDebugResources state: SKIPPED
* :ime:remote:parseDebugLibraryResources state: SKIPPED
* :ime:remote:processDebugManifest state: SKIPPED
* :ime:remote:generateDebugRFile state: SKIPPED
* :ime:remote:javaPreCompileDebug state: SKIPPED
* :ime:remote:compileDebugJavaWithJavac state: SKIPPED
* :ime:remote:bundleLibCompileDebug state: SKIPPED
* :ime:voiceime:compileDebugRenderscript state: SKIPPED
* :ime:voiceime:checkDebugManifest state: SKIPPED
* :ime:voiceime:generateDebugBuildConfig state: SKIPPED
* :ime:voiceime:generateDebugResValues state: SKIPPED
* :ime:voiceime:generateDebugResources state: SKIPPED
* :ime:voiceime:packageDebugResources state: SKIPPED
* :ime:voiceime:parseDebugLibraryResources state: SKIPPED
* :ime:voiceime:processDebugManifest state: SKIPPED
* :ime:voiceime:generateDebugRFile state: SKIPPED
* :ime:voiceime:javaPreCompileDebug state: SKIPPED
* :ime:voiceime:compileDebugJavaWithJavac state: SKIPPED
* :ime:voiceime:bundleLibCompileDebug state: SKIPPED
* :ime:dictionaries:jnidictionaryv1:compileDebugRenderscript state: SKIPPED
* :ime:dictionaries:jnidictionaryv1:checkDebugManifest state: SKIPPED
* :ime:dictionaries:jnidictionaryv1:generateDebugBuildConfig state: SKIPPED
* :ime:dictionaries:jnidictionaryv1:generateDebugResValues state: SKIPPED
* :ime:dictionaries:jnidictionaryv1:generateDebugResources state: SKIPPED
* :ime:dictionaries:jnidictionaryv1:packageDebugResources state: SKIPPED
* :ime:dictionaries:jnidictionaryv1:parseDebugLibraryResources state: SKIPPED
* :ime:dictionaries:jnidictionaryv1:processDebugManifest state: SKIPPED
* :ime:dictionaries:jnidictionaryv1:generateDebugRFile state: SKIPPED
* :ime:dictionaries:jnidictionaryv1:javaPreCompileDebug state: SKIPPED
* :ime:dictionaries:jnidictionaryv1:compileDebugJavaWithJavac state: SKIPPED
* :ime:dictionaries:jnidictionaryv1:bundleLibCompileDebug state: SKIPPED
* :ime:dictionaries:jnidictionaryv2:compileDebugRenderscript state: SKIPPED
* :ime:dictionaries:jnidictionaryv2:checkDebugManifest state: SKIPPED
* :ime:dictionaries:jnidictionaryv2:generateDebugBuildConfig state: SKIPPED
* :ime:dictionaries:jnidictionaryv2:generateDebugResValues state: SKIPPED
* :ime:dictionaries:jnidictionaryv2:generateDebugResources state: SKIPPED
* :ime:dictionaries:jnidictionaryv2:packageDebugResources state: SKIPPED
* :ime:dictionaries:jnidictionaryv2:parseDebugLibraryResources state: SKIPPED
* :ime:dictionaries:jnidictionaryv2:processDebugManifest state: SKIPPED
* :ime:dictionaries:jnidictionaryv2:generateDebugRFile state: SKIPPED
* :ime:dictionaries:jnidictionaryv2:javaPreCompileDebug state: SKIPPED
* :ime:dictionaries:jnidictionaryv2:compileDebugJavaWithJavac state: SKIPPED
* :ime:dictionaries:jnidictionaryv2:bundleLibCompileDebug state: SKIPPED
* :addons:languages:english:pack:compileDebugRenderscript state: SKIPPED
* :addons:languages:english:pack:checkDebugManifest state: SKIPPED
* :addons:languages:english:pack:generateDebugBuildConfig state: SKIPPED
* :addons:languages:english:pack:generateDebugResValues state: SKIPPED
* :addons:languages:english:pack:generateDebugResources state: SKIPPED
* :addons:languages:english:pack:packageDebugResources state: SKIPPED
* :addons:languages:english:pack:parseDebugLibraryResources state: SKIPPED
* :addons:languages:english:pack:processDebugManifest state: SKIPPED
* :addons:languages:english:pack:generateDebugRFile state: SKIPPED
* :addons:languages:english:pack:javaPreCompileDebug state: SKIPPED
* :addons:languages:english:pack:compileDebugJavaWithJavac state: SKIPPED
* :addons:languages:english:pack:bundleLibCompileDebug state: SKIPPED
* :ime:app:javaPreCompileDebug state: SKIPPED
* :ime:app:mainApkListPersistenceDebug state: SKIPPED
* :ime:app:generateDebugResValues state: SKIPPED
* :ime:app:generateDebugResources state: SKIPPED
* :ime:app:mergeDebugResources state: SKIPPED
* :ime:app:createDebugCompatibleScreenManifests state: SKIPPED
* :ime:app:processDebugManifest state: SKIPPED
* :ime:app:processDebugResources state: SKIPPED
* :ime:app:compileDebugJavaWithJavac state: SKIPPED
* :api:mergeDebugShaders state: SKIPPED
* :api:compileDebugShaders state: SKIPPED
* :api:generateDebugAssets state: SKIPPED
* :api:packageDebugAssets state: SKIPPED
* :addons:base:mergeDebugShaders state: SKIPPED
* :addons:base:compileDebugShaders state: SKIPPED
* :addons:base:generateDebugAssets state: SKIPPED
* :addons:base:packageDebugAssets state: SKIPPED
* :ime:addons:mergeDebugShaders state: SKIPPED
* :ime:addons:compileDebugShaders state: SKIPPED
* :ime:addons:generateDebugAssets state: SKIPPED
* :ime:addons:packageDebugAssets state: SKIPPED
* :ime:app:mergeDebugShaders state: SKIPPED
* :ime:app:compileDebugShaders state: SKIPPED
* :ime:app:generateDebugAssets state: SKIPPED
* :ime:base:mergeDebugShaders state: SKIPPED
* :ime:base:compileDebugShaders state: SKIPPED
* :ime:base:generateDebugAssets state: SKIPPED
* :ime:base:packageDebugAssets state: SKIPPED
* :ime:base-rx:mergeDebugShaders state: SKIPPED
* :ime:base-rx:compileDebugShaders state: SKIPPED
* :ime:base-rx:generateDebugAssets state: SKIPPED
* :ime:base-rx:packageDebugAssets state: SKIPPED
* :ime:dictionaries:mergeDebugShaders state: SKIPPED
* :ime:dictionaries:compileDebugShaders state: SKIPPED
* :ime:dictionaries:generateDebugAssets state: SKIPPED
* :ime:dictionaries:packageDebugAssets state: SKIPPED
* :ime:fileprovider:mergeDebugShaders state: SKIPPED
* :ime:fileprovider:compileDebugShaders state: SKIPPED
* :ime:fileprovider:generateDebugAssets state: SKIPPED
* :ime:fileprovider:packageDebugAssets state: SKIPPED
* :ime:nextword:mergeDebugShaders state: SKIPPED
* :ime:nextword:compileDebugShaders state: SKIPPED
* :ime:nextword:generateDebugAssets state: SKIPPED
* :ime:nextword:packageDebugAssets state: SKIPPED
* :ime:overlay:mergeDebugShaders state: SKIPPED
* :ime:overlay:compileDebugShaders state: SKIPPED
* :ime:overlay:generateDebugAssets state: SKIPPED
* :ime:overlay:packageDebugAssets state: SKIPPED
* :ime:pixel:mergeDebugShaders state: SKIPPED
* :ime:pixel:compileDebugShaders state: SKIPPED
* :ime:pixel:generateDebugAssets state: SKIPPED
* :ime:pixel:packageDebugAssets state: SKIPPED
* :ime:prefs:mergeDebugShaders state: SKIPPED
* :ime:prefs:compileDebugShaders state: SKIPPED
* :ime:prefs:generateDebugAssets state: SKIPPED
* :ime:prefs:packageDebugAssets state: SKIPPED
* :ime:remote:mergeDebugShaders state: SKIPPED
* :ime:remote:compileDebugShaders state: SKIPPED
* :ime:remote:generateDebugAssets state: SKIPPED
* :ime:remote:packageDebugAssets state: SKIPPED
* :ime:voiceime:mergeDebugShaders state: SKIPPED
* :ime:voiceime:compileDebugShaders state: SKIPPED
* :ime:voiceime:generateDebugAssets state: SKIPPED
* :ime:voiceime:packageDebugAssets state: SKIPPED
* :ime:dictionaries:jnidictionaryv1:mergeDebugShaders state: SKIPPED
* :ime:dictionaries:jnidictionaryv1:compileDebugShaders state: SKIPPED
* :ime:dictionaries:jnidictionaryv1:generateDebugAssets state: SKIPPED
* :ime:dictionaries:jnidictionaryv1:packageDebugAssets state: SKIPPED
* :ime:dictionaries:jnidictionaryv2:mergeDebugShaders state: SKIPPED
* :ime:dictionaries:jnidictionaryv2:compileDebugShaders state: SKIPPED
* :ime:dictionaries:jnidictionaryv2:generateDebugAssets state: SKIPPED
* :ime:dictionaries:jnidictionaryv2:packageDebugAssets state: SKIPPED
* :addons:languages:english:pack:mergeDebugShaders state: SKIPPED
* :addons:languages:english:pack:compileDebugShaders state: SKIPPED
* :addons:languages:english:pack:generateDebugAssets state: SKIPPED
* :addons:languages:english:pack:packageDebugAssets state: SKIPPED
* :ime:app:mergeDebugAssets state: SKIPPED
* :api:processDebugJavaRes state: SKIPPED
* :api:bundleLibResDebug state: SKIPPED
* :addons:base:processDebugJavaRes state: SKIPPED
* :addons:base:bundleLibResDebug state: SKIPPED
* :ime:addons:processDebugJavaRes state: SKIPPED
* :ime:addons:bundleLibResDebug state: SKIPPED
* :ime:app:processDebugJavaRes state: SKIPPED
* :ime:base:processDebugJavaRes state: SKIPPED
* :ime:base:bundleLibResDebug state: SKIPPED
* :ime:base-rx:processDebugJavaRes state: SKIPPED
* :ime:base-rx:bundleLibResDebug state: SKIPPED
* :ime:dictionaries:processDebugJavaRes state: SKIPPED
* :ime:dictionaries:bundleLibResDebug state: SKIPPED
* :ime:fileprovider:processDebugJavaRes state: SKIPPED
* :ime:fileprovider:bundleLibResDebug state: SKIPPED
* :ime:nextword:processDebugJavaRes state: SKIPPED
* :ime:nextword:bundleLibResDebug state: SKIPPED
* :ime:overlay:processDebugJavaRes state: SKIPPED
* :ime:overlay:bundleLibResDebug state: SKIPPED
* :ime:pixel:processDebugJavaRes state: SKIPPED
* :ime:pixel:bundleLibResDebug state: SKIPPED
* :ime:prefs:processDebugJavaRes state: SKIPPED
* :ime:prefs:bundleLibResDebug state: SKIPPED
* :ime:remote:processDebugJavaRes state: SKIPPED
* :ime:remote:bundleLibResDebug state: SKIPPED
* :ime:voiceime:processDebugJavaRes state: SKIPPED
* :ime:voiceime:bundleLibResDebug state: SKIPPED
* :ime:dictionaries:jnidictionaryv1:processDebugJavaRes state: SKIPPED
* :ime:dictionaries:jnidictionaryv1:bundleLibResDebug state: SKIPPED
* :ime:dictionaries:jnidictionaryv2:processDebugJavaRes state: SKIPPED
* :ime:dictionaries:jnidictionaryv2:bundleLibResDebug state: SKIPPED
* :addons:languages:english:pack:processDebugJavaRes state: SKIPPED
* :addons:languages:english:pack:bundleLibResDebug state: SKIPPED
* :ime:app:mergeDebugJavaResource state: SKIPPED
* :api:jacocoDebug state: SKIPPED
* :api:bundleLibRuntimeDebug state: SKIPPED
* :addons:base:jacocoDebug state: SKIPPED
* :addons:base:bundleLibRuntimeDebug state: SKIPPED
* :addons:languages:english:pack:jacocoDebug state: SKIPPED
* :addons:languages:english:pack:bundleLibRuntimeDebug state: SKIPPED
* :ime:base:jacocoDebug state: SKIPPED
* :ime:base:bundleLibRuntimeDebug state: SKIPPED
* :ime:base-rx:jacocoDebug state: SKIPPED
* :ime:base-rx:bundleLibRuntimeDebug state: SKIPPED
* :ime:dictionaries:jacocoDebug state: SKIPPED
* :ime:dictionaries:bundleLibRuntimeDebug state: SKIPPED
* :ime:dictionaries:jnidictionaryv1:jacocoDebug state: SKIPPED
* :ime:dictionaries:jnidictionaryv1:bundleLibRuntimeDebug state: SKIPPED
* :ime:dictionaries:jnidictionaryv2:jacocoDebug state: SKIPPED
* :ime:dictionaries:jnidictionaryv2:bundleLibRuntimeDebug state: SKIPPED
* :ime:nextword:jacocoDebug state: SKIPPED
* :ime:nextword:bundleLibRuntimeDebug state: SKIPPED
* :ime:prefs:jacocoDebug state: SKIPPED
* :ime:prefs:bundleLibRuntimeDebug state: SKIPPED
* :ime:fileprovider:jacocoDebug state: SKIPPED
* :ime:fileprovider:bundleLibRuntimeDebug state: SKIPPED
* :ime:pixel:jacocoDebug state: SKIPPED
* :ime:pixel:bundleLibRuntimeDebug state: SKIPPED
* :ime:remote:jacocoDebug state: SKIPPED
* :ime:remote:bundleLibRuntimeDebug state: SKIPPED
* :ime:addons:jacocoDebug state: SKIPPED
* :ime:addons:bundleLibRuntimeDebug state: SKIPPED
* :ime:overlay:jacocoDebug state: SKIPPED
* :ime:overlay:bundleLibRuntimeDebug state: SKIPPED
* :ime:voiceime:jacocoDebug state: SKIPPED
* :ime:voiceime:bundleLibRuntimeDebug state: SKIPPED
* :ime:app:checkDebugDuplicateClasses state: SKIPPED
* :ime:app:desugarDebugFileDependencies state: SKIPPED
* :ime:app:mergeExtDexDebug state: SKIPPED
* :ime:app:jacocoDebug state: SKIPPED
* :ime:app:transformClassesWithDexBuilderForDebug state: SKIPPED
* :ime:app:mergeDexDebug state: SKIPPED
* :ime:app:validateSigningDebug state: SKIPPED
* :ime:app:signingConfigWriterDebug state: SKIPPED
* :api:mergeDebugJniLibFolders state: SKIPPED
* :api:mergeDebugNativeLibs state: SKIPPED
* :api:stripDebugDebugSymbols state: SKIPPED
* :api:transformNativeLibsWithIntermediateJniLibsForDebug state: SKIPPED
* :addons:base:mergeDebugJniLibFolders state: SKIPPED
* :addons:base:mergeDebugNativeLibs state: SKIPPED
* :addons:base:stripDebugDebugSymbols state: SKIPPED
* :addons:base:transformNativeLibsWithIntermediateJniLibsForDebug state: SKIPPED
* :ime:addons:mergeDebugJniLibFolders state: SKIPPED
* :ime:addons:mergeDebugNativeLibs state: SKIPPED
* :ime:addons:stripDebugDebugSymbols state: SKIPPED
* :ime:addons:transformNativeLibsWithIntermediateJniLibsForDebug state: SKIPPED
* :ime:app:mergeDebugJniLibFolders state: SKIPPED
* :ime:base:mergeDebugJniLibFolders state: SKIPPED
* :ime:base:mergeDebugNativeLibs state: SKIPPED
* :ime:base:stripDebugDebugSymbols state: SKIPPED
* :ime:base:transformNativeLibsWithIntermediateJniLibsForDebug state: SKIPPED
* :ime:base-rx:mergeDebugJniLibFolders state: SKIPPED
* :ime:base-rx:mergeDebugNativeLibs state: SKIPPED
* :ime:base-rx:stripDebugDebugSymbols state: SKIPPED
* :ime:base-rx:transformNativeLibsWithIntermediateJniLibsForDebug state: SKIPPED
* :ime:dictionaries:mergeDebugJniLibFolders state: SKIPPED
* :ime:dictionaries:mergeDebugNativeLibs state: SKIPPED
* :ime:dictionaries:stripDebugDebugSymbols state: SKIPPED
* :ime:dictionaries:transformNativeLibsWithIntermediateJniLibsForDebug state: SKIPPED
* :ime:fileprovider:mergeDebugJniLibFolders state: SKIPPED
* :ime:fileprovider:mergeDebugNativeLibs state: SKIPPED
* :ime:fileprovider:stripDebugDebugSymbols state: SKIPPED
* :ime:fileprovider:transformNativeLibsWithIntermediateJniLibsForDebug state: SKIPPED
* :ime:nextword:mergeDebugJniLibFolders state: SKIPPED
* :ime:nextword:mergeDebugNativeLibs state: SKIPPED
* :ime:nextword:stripDebugDebugSymbols state: SKIPPED
* :ime:nextword:transformNativeLibsWithIntermediateJniLibsForDebug state: SKIPPED
* :ime:overlay:mergeDebugJniLibFolders state: SKIPPED
* :ime:overlay:mergeDebugNativeLibs state: SKIPPED
* :ime:overlay:stripDebugDebugSymbols state: SKIPPED
* :ime:overlay:transformNativeLibsWithIntermediateJniLibsForDebug state: SKIPPED
* :ime:pixel:mergeDebugJniLibFolders state: SKIPPED
* :ime:pixel:mergeDebugNativeLibs state: SKIPPED
* :ime:pixel:stripDebugDebugSymbols state: SKIPPED
* :ime:pixel:transformNativeLibsWithIntermediateJniLibsForDebug state: SKIPPED
* :ime:prefs:mergeDebugJniLibFolders state: SKIPPED
* :ime:prefs:mergeDebugNativeLibs state: SKIPPED
* :ime:prefs:stripDebugDebugSymbols state: SKIPPED
* :ime:prefs:transformNativeLibsWithIntermediateJniLibsForDebug state: SKIPPED
* :ime:remote:mergeDebugJniLibFolders state: SKIPPED
* :ime:remote:mergeDebugNativeLibs state: SKIPPED
* :ime:remote:stripDebugDebugSymbols state: SKIPPED
* :ime:remote:transformNativeLibsWithIntermediateJniLibsForDebug state: SKIPPED
* :ime:voiceime:mergeDebugJniLibFolders state: SKIPPED
* :ime:voiceime:mergeDebugNativeLibs state: SKIPPED
* :ime:voiceime:stripDebugDebugSymbols state: SKIPPED
* :ime:voiceime:transformNativeLibsWithIntermediateJniLibsForDebug state: SKIPPED
* :ime:dictionaries:jnidictionaryv1:generateJsonModelDebug state: SKIPPED
* :ime:dictionaries:jnidictionaryv1:externalNativeBuildDebug state: EXECUTED
* :ime:dictionaries:jnidictionaryv1:mergeDebugJniLibFolders state: SKIPPED
* :ime:dictionaries:jnidictionaryv1:mergeDebugNativeLibs state: SKIPPED
* :ime:dictionaries:jnidictionaryv1:stripDebugDebugSymbols state: SKIPPED
* :ime:dictionaries:jnidictionaryv1:transformNativeLibsWithIntermediateJniLibsForDebug state: SKIPPED
* :ime:dictionaries:jnidictionaryv2:generateJsonModelDebug state: SKIPPED
* :ime:dictionaries:jnidictionaryv2:externalNativeBuildDebug state: EXECUTED
* :ime:dictionaries:jnidictionaryv2:mergeDebugJniLibFolders state: SKIPPED
* :ime:dictionaries:jnidictionaryv2:mergeDebugNativeLibs state: SKIPPED
* :ime:dictionaries:jnidictionaryv2:stripDebugDebugSymbols state: SKIPPED
* :ime:dictionaries:jnidictionaryv2:transformNativeLibsWithIntermediateJniLibsForDebug state: SKIPPED
* :addons:languages:english:pack:mergeDebugJniLibFolders state: SKIPPED
* :addons:languages:english:pack:mergeDebugNativeLibs state: SKIPPED
* :addons:languages:english:pack:stripDebugDebugSymbols state: SKIPPED
* :addons:languages:english:pack:transformNativeLibsWithIntermediateJniLibsForDebug state: SKIPPED
* :ime:app:mergeDebugNativeLibs state: SKIPPED
* :ime:app:stripDebugDebugSymbols state: SKIPPED
* :ime:app:packageDebug state: SKIPPED
* :ime:app:installDebug state: EXECUTED
